[debug] > Exec(early(addDefaultCommands), None, None)
[debug] > Exec(addDefaultCommands, None, None)
[debug] > Exec(early(initialize), None, None)
[debug] > Exec(initialize, None, None)
[debug] > Exec(early(addPluginSbtFile="""C:\Users\Karzhas\AppData\Local\Temp\idea1.sbt"""), None, None)
[debug] > Exec(addPluginSbtFile="""C:\Users\Karzhas\AppData\Local\Temp\idea1.sbt""", None, None)
[debug] > Exec(boot, None, None)
[debug] > Exec(writeSbtVersion, None, None)
[debug] > Exec(reload, None, None)
[debug] > Exec(sbtStashOnFailure, None, None)
[debug] > Exec(onFailure loadFailed, None, None)
[debug] > Exec(loadp, None, None)
[info] welcome to sbt 1.4.7 (Oracle Corporation Java 10.0.1)
[debug]       Load.loadUnit: plugins took 123.6182ms
[debug]       Load.loadUnit: defsScala took 0.3578ms
[debug] [Loading] Scanning directory C:\Users\Karzhas\.sbt\1.0\plugins
[debug] [Loading] Found non-root projects 
[debug] [Loading] Done in C:\Users\Karzhas\.sbt\1.0\plugins, returning: ()
[debug] deducing auto plugins based on known facts Set(Atom(sbt.plugins.CorePlugin)) and clauses Clauses(List(Clause(Atom(sbt.plugins.JvmPlugin),Set(Atom(sbt.plugins.IvyPlugin))), Clause(Atom(sbt.ScriptedPlugin),Set(Atom(sbt.plugins.JvmPlugin))), Clause(Atom(sbt.plugins.SbtPlugin),Set(Atom(sbt.ScriptedPlugin))), Clause(Atom(sbt.plugins.SemanticdbPlugin),Set(Atom(sbt.plugins.JvmPlugin))), Clause(Atom(sbt.plugins.JUnitXmlReportPlugin),Set(Atom(sbt.plugins.JvmPlugin))), Clause(Atom(sbt.plugins.MiniDependencyTreePlugin),Set(Atom(sbt.plugins.JvmPlugin))), Clause(Atom(sbt.plugins.CorePlugin),Set(Atom(sbt.plugins.IvyPlugin))), Clause(Atom(sbt.plugins.IvyPlugin),Set(Atom(sbt.plugins.JvmPlugin))), Clause(Atom(sbt.plugins.JvmPlugin),Set(Atom(sbt.plugins.SemanticdbPlugin))), Clause(Atom(sbt.plugins.JvmPlugin),Set(Atom(sbt.plugins.JUnitXmlReportPlugin))), Clause(Atom(sbt.plugins.CorePlugin),Set(Atom(sbt.plugins.Giter8TemplatePlugin))), Clause(Atom(sbt.plugins.JvmPlugin),Set(Atom(sbt.plugins.MiniDependencyTreePlugin)))))
[debug]   :: deduced result: Matched(sbt.plugins.CorePlugin,sbt.plugins.Giter8TemplatePlugin,sbt.plugins.IvyPlugin,sbt.plugins.JvmPlugin,sbt.plugins.MiniDependencyTreePlugin,sbt.plugins.JUnitXmlReportPlugin,sbt.plugins.SemanticdbPlugin)
[debug] Plugins.deducer#function took 31.4219 ms
[debug]           Load.resolveProject(global-plugins) took 61.2567ms
[debug]         Load.loadTransitive: finalizeProject(Project(id global-plugins, base: C:\Users\Karzhas\.sbt\1.0\plugins, plugins: List(<none>))) took 134.4299ms
[debug] [Loading] Done in C:\Users\Karzhas\.sbt\1.0\plugins, returning: (global-plugins)
[debug]       Load.loadUnit: loadedProjectsRaw took 164.2519ms
[debug]       Load.loadUnit: cleanEvalClasses took 0.4228ms
[debug]     Load.loadUnit(file:/C:/Users/Karzhas/.sbt/1.0/plugins/, ...) took 299.7223ms
[debug]   Load.apply: load took 528.9353ms
[debug]   Load.apply: resolveProjects took 8.9119ms
[debug]   Load.apply: finalTransforms took 87.5312ms
[debug]   Load.apply: config.delegates took 9.8763ms
[debug]   Load.apply: Def.make(settings)... took 961.7911ms
[debug]   Load.apply: structureIndex took 137.5773ms
[debug]   Load.apply: mkStreams took 2.4061ms
[info] loading global plugins from C:\Users\Karzhas\.sbt\1.0\plugins
[debug] Running task... Cancel: Signal, check cycles: false, forcegc: true
[debug] Load.defaultLoad until apply took 3796.6957ms
[debug]           Load.loadUnit: plugins took 99.7377ms
[debug]           Load.loadUnit: defsScala took 0.0071ms
[debug] [Loading] Scanning directory D:\KBTU\4_course\Labs\Week 4\project
[debug]             Load.loadUnit: mkEval took 12.5349ms
[debug] [Loading] Found non-root projects 
[debug] [Loading] Done in D:\KBTU\4_course\Labs\Week 4\project, returning: ()
[debug] deducing auto plugins based on known facts Set(Atom(sbt.plugins.CorePlugin)) and clauses Clauses(List(Clause(Atom(sbt.plugins.JvmPlugin),Set(Atom(sbt.plugins.IvyPlugin))), Clause(Atom(sbt.ScriptedPlugin),Set(Atom(sbt.plugins.JvmPlugin))), Clause(Atom(sbt.plugins.SbtPlugin),Set(Atom(sbt.ScriptedPlugin))), Clause(Atom(sbt.plugins.SemanticdbPlugin),Set(Atom(sbt.plugins.JvmPlugin))), Clause(Atom(sbt.plugins.JUnitXmlReportPlugin),Set(Atom(sbt.plugins.JvmPlugin))), Clause(Atom(sbt.plugins.MiniDependencyTreePlugin),Set(Atom(sbt.plugins.JvmPlugin))), Clause(Atom(sbt.plugins.CorePlugin),Set(Atom(sbt.plugins.IvyPlugin))), Clause(Atom(sbt.plugins.IvyPlugin),Set(Atom(sbt.plugins.JvmPlugin))), Clause(Atom(sbt.plugins.JvmPlugin),Set(Atom(sbt.plugins.SemanticdbPlugin))), Clause(Atom(sbt.plugins.JvmPlugin),Set(Atom(sbt.plugins.JUnitXmlReportPlugin))), Clause(Atom(sbt.plugins.CorePlugin),Set(Atom(sbt.plugins.Giter8TemplatePlugin))), Clause(Atom(sbt.plugins.JvmPlugin),Set(Atom(sbt.plugins.MiniDependencyTreePlugin)))))
[debug]   :: deduced result: Matched(sbt.plugins.CorePlugin,sbt.plugins.Giter8TemplatePlugin,sbt.plugins.IvyPlugin,sbt.plugins.JvmPlugin,sbt.plugins.MiniDependencyTreePlugin,sbt.plugins.JUnitXmlReportPlugin,sbt.plugins.SemanticdbPlugin)
[debug] Plugins.deducer#function took 2.8284 ms
[info] loading settings for project week-4-build from idea1.sbt ...
[debug]               Load.resolveProject(week-4-build) took 3.5392ms
[debug]             Load.loadTransitive: finalizeProject(Project(id week-4-build, base: D:\KBTU\4_course\Labs\Week 4\project, plugins: List(<none>))) took 7.2441ms
[debug] [Loading] Done in D:\KBTU\4_course\Labs\Week 4\project, returning: (week-4-build)
[debug]           Load.loadUnit: loadedProjectsRaw took 235.3088ms
[debug]           Load.loadUnit: cleanEvalClasses took 5.2549ms
[debug]         Load.loadUnit(file:/D:/KBTU/4_course/Labs/Week%204/project/, ...) took 341.6203ms
[debug]       Load.apply: load took 343.779ms
[debug]       Load.apply: resolveProjects took 0.317ms
[debug]       Load.apply: finalTransforms took 20.9565ms
[debug]       Load.apply: config.delegates took 0.8584ms
[debug]       Load.apply: Def.make(settings)... took 157.0814ms
[debug]       Load.apply: structureIndex took 86.1621ms
[debug]       Load.apply: mkStreams took 0.0029ms
[info] loading project definition from D:\KBTU\4_course\Labs\Week 4\project
[debug] Running task... Cancel: Signal, check cycles: false, forcegc: true
[debug]     Load.loadUnit: plugins took 1041.9433ms
[debug]     Load.loadUnit: defsScala took 0.0064ms
[debug] [Loading] Scanning directory D:\KBTU\4_course\Labs\Week 4
[debug]       Load.loadUnit: mkEval took 0.2636ms
[debug] [Loading] Found non-root projects 
[debug] [Loading] Done in D:\KBTU\4_course\Labs\Week 4, returning: ()
[debug] deducing auto plugins based on known facts Set(Atom(sbt.plugins.CorePlugin)) and clauses Clauses(List(Clause(Atom(sbt.plugins.JvmPlugin),Set(Atom(sbt.plugins.IvyPlugin))), Clause(Atom(sbt.ScriptedPlugin),Set(Atom(sbt.plugins.JvmPlugin))), Clause(Atom(sbt.plugins.SbtPlugin),Set(Atom(sbt.ScriptedPlugin))), Clause(Atom(sbt.plugins.SemanticdbPlugin),Set(Atom(sbt.plugins.JvmPlugin))), Clause(Atom(sbt.plugins.JUnitXmlReportPlugin),Set(Atom(sbt.plugins.JvmPlugin))), Clause(Atom(sbt.plugins.MiniDependencyTreePlugin),Set(Atom(sbt.plugins.JvmPlugin))), Clause(Atom(org.jetbrains.sbt.StructurePlugin),Set(Atom(sbt.plugins.JvmPlugin))), Clause(Atom(org.jetbrains.sbt.IdeaShellPlugin),Set(Atom(sbt.plugins.JvmPlugin))), Clause(Atom(org.jetbrains.sbt.indices.SbtIntellijIndicesPlugin),Set(Atom(sbt.plugins.JvmPlugin))), Clause(Atom(sbt.plugins.CorePlugin),Set(Atom(sbt.plugins.IvyPlugin))), Clause(Atom(sbt.plugins.IvyPlugin),Set(Atom(sbt.plugins.JvmPlugin))), Clause(Atom(sbt.plugins.JvmPlugin),Set(Atom(sbt.plugins.SemanticdbPlugin))), Clause(Atom(sbt.plugins.JvmPlugin),Set(Atom(sbt.plugins.JUnitXmlReportPlugin))), Clause(Atom(sbt.plugins.CorePlugin),Set(Atom(sbt.plugins.Giter8TemplatePlugin))), Clause(Atom(sbt.plugins.JvmPlugin),Set(Atom(sbt.plugins.MiniDependencyTreePlugin))), Clause(Atom(sbt.plugins.JvmPlugin),Set(Atom(org.jetbrains.sbt.StructurePlugin))), Clause(Atom(sbt.plugins.JvmPlugin),Set(Atom(org.jetbrains.sbt.IdeaShellPlugin))), Clause(And(Set(Atom(sbt.plugins.CorePlugin), Atom(sbt.plugins.JvmPlugin))),Set(Atom(org.jetbrains.sbt.indices.SbtIntellijIndicesPlugin)))))
[debug]   :: deduced result: Matched(sbt.plugins.CorePlugin,sbt.plugins.Giter8TemplatePlugin,sbt.plugins.IvyPlugin,sbt.plugins.JvmPlugin,sbt.plugins.SemanticdbPlugin,org.jetbrains.sbt.indices.SbtIntellijIndicesPlugin,sbt.plugins.JUnitXmlReportPlugin,org.jetbrains.sbt.IdeaShellPlugin,org.jetbrains.sbt.StructurePlugin,sbt.plugins.MiniDependencyTreePlugin)
[debug] Plugins.deducer#function took 2.504 ms
[info] loading settings for project week-4 from build.sbt ...
[debug]         Load.resolveProject(week-4) took 39.3196ms
[debug]       Load.loadTransitive: finalizeProject(Project(id week-4, base: D:\KBTU\4_course\Labs\Week 4, plugins: List(<none>))) took 43.1824ms
[debug] [Loading] Done in D:\KBTU\4_course\Labs\Week 4, returning: (week-4)
[debug]     Load.loadUnit: loadedProjectsRaw took 100.2722ms
[debug]     Load.loadUnit: cleanEvalClasses took 5.3314ms
[debug]   Load.loadUnit(file:/D:/KBTU/4_course/Labs/Week%204/, ...) took 1148.4051ms
[debug] Load.apply: load took 1150.8756ms
[debug] Load.apply: resolveProjects took 0.1602ms
[debug] Load.apply: finalTransforms took 38.3874ms
[debug] Load.apply: config.delegates took 0.3776ms
[debug] Load.apply: Def.make(settings)... took 75.6377ms
[debug] Load.apply: structureIndex took 54.9981ms
[debug] Load.apply: mkStreams took 0.0023ms
[info] set current project to Week 4 (in build file:/D:/KBTU/4_course/Labs/Week%204/)
[debug] > Exec(sbtPopOnFailure, None, None)
[debug] > Exec(resumeFromFailure, None, None)
[debug] > Exec(notifyUsersAboutShell, None, None)
[debug] > Exec(iflast shell, None, None)
[debug] > Exec(; set ideaPort in Global := 60890 ; idea-shell, None, None)
[debug] > Exec(set ideaPort in Global := 60890, None, None)
[info] Defining Global / ideaPort
[info] The new value will be used by Compile / compile, Test / compile
[debug] Defining 
[debug] 	Global / ideaPort
[debug] 
[debug] The new value will be used by 
[debug] 	Compile / compile
[debug] 	Test / compile
[info] Reapplying settings...
[info] set current project to Week 4 (in build file:/D:/KBTU/4_course/Labs/Week%204/)
[debug] > Exec(idea-shell, None, None)
